<?xml version="1.0" encoding="UTF-8"?>
<!-- Generated by org.testng.reporters.JUnitReportReporter -->
<testsuite skipped="0" hostname="sshrivat-lap1" name="com.edureka.tests.EdurekaCourseSearchTest" tests="3" failures="0" timestamp="09 Oct 2018 09:08:04 GMT" time="70.730" errors="0">
  <testcase name="verifyUserLogin" time="20.270" classname="com.edureka.tests.EdurekaCourseSearchTest"/>
  <testcase name="searchCouseInEdureka" time="10.771" classname="com.edureka.tests.EdurekaCourseSearchTest"/>
  <testcase name="selectCourseAddToAndPayment" time="39.689" classname="com.edureka.tests.EdurekaCourseSearchTest"/>
</testsuite> <!-- com.edureka.tests.EdurekaCourseSearchTest -->
