<?xml version="1.0" encoding="UTF-8"?>
<!-- Generated by org.testng.reporters.JUnitReportReporter -->
<testsuite skipped="0" hostname="sshrivat-lap1" name="factorypackage.SimpleTest" tests="4" failures="0" timestamp="12 Mar 2019 09:40:12 GMT" time="0.031" errors="0">
  <testcase name="testMethodOne" time="0.000" classname="factorypackage.SimpleTest"/>
  <testcase name="testMethodTwo" time="0.015" classname="factorypackage.SimpleTest"/>
  <testcase name="testMethodOne" time="0.016" classname="factorypackage.SimpleTest"/>
  <testcase name="testMethodTwo" time="0.000" classname="factorypackage.SimpleTest"/>
</testsuite> <!-- factorypackage.SimpleTest -->
