<?xml version="1.0" encoding="UTF-8"?>
<!-- Generated by org.testng.reporters.JUnitReportReporter -->
<testsuite skipped="0" hostname="sshrivat-lap1" name="factorypackage.DependencyTest" tests="6" failures="0" timestamp="12 Mar 2019 09:52:03 GMT" time="0.017" errors="0">
  <testcase name="simpleTest3" time="0.001" classname="factorypackage.DependencyTest"/>
  <testcase name="simpleTest4" time="0.002" classname="factorypackage.DependencyTest"/>
  <testcase name="simpleTest4" time="0.008" classname="factorypackage.DependencyTest"/>
  <testcase name="simpleTest3" time="0.002" classname="factorypackage.DependencyTest"/>
  <testcase name="simpleTest2" time="0.001" classname="factorypackage.DependencyTest"/>
  <testcase name="simpleTest2" time="0.003" classname="factorypackage.DependencyTest"/>
</testsuite> <!-- factorypackage.DependencyTest -->
