<?xml version="1.0" encoding="UTF-8"?>
<!-- Generated by org.testng.reporters.JUnitReportReporter -->
<testsuite skipped="0" hostname="sshrivat-lap1" name="factorypackage.SimpleTestFactory_3" tests="4" failures="0" timestamp="12 Mar 2019 09:54:44 GMT" time="0.011" errors="0">
  <testcase name="testMethodOne" time="0.002" classname="factorypackage.SimpleTestFactory_3"/>
  <testcase name="testMethodTwo" time="0.002" classname="factorypackage.SimpleTestFactory_3"/>
  <testcase name="testMethodOne" time="0.006" classname="factorypackage.SimpleTestFactory_3"/>
  <testcase name="testMethodTwo" time="0.001" classname="factorypackage.SimpleTestFactory_3"/>
</testsuite> <!-- factorypackage.SimpleTestFactory_3 -->
