<?xml version="1.0" encoding="UTF-8"?>
<!-- Generated by org.testng.reporters.JUnitReportReporter -->
<testsuite skipped="0" hostname="sshrivat-lap1" name="factorypackage.SimpleTest1" tests="2" failures="0" timestamp="12 Mar 2019 09:23:43 GMT" time="0.012" errors="0">
  <testcase name="simpleTest" time="0.002" classname="factorypackage.SimpleTest1"/>
  <testcase name="simpleTest" time="0.010" classname="factorypackage.SimpleTest1"/>
</testsuite> <!-- factorypackage.SimpleTest1 -->
