<?xml version="1.0" encoding="UTF-8"?>
<!-- Generated by org.testng.reporters.JUnitReportReporter -->
<testsuite skipped="0" hostname="sshrivat-lap1" name="com.edureka.tests.EdurekaTest" tests="2" failures="0" timestamp="10 Oct 2018 10:59:06 GMT" time="41.838" errors="0">
  <testcase name="verifyUserLogin" time="15.596" classname="com.edureka.tests.EdurekaTest"/>
  <testcase name="editProfile" time="26.242" classname="com.edureka.tests.EdurekaTest"/>
</testsuite> <!-- com.edureka.tests.EdurekaTest -->
