<?xml version="1.0" encoding="UTF-8"?>
<!-- Generated by org.testng.reporters.JUnitReportReporter -->
<testsuite skipped="0" hostname="sshrivat-lap1" name="com.edureka.tests.HomePageTests" tests="4" failures="0" timestamp="14 Oct 2018 08:27:58 GMT" time="41.176" errors="0">
  <testcase name="verifyTitleOfHomepage" time="0.020" classname="com.edureka.tests.HomePageTests"/>
  <testcase name="verifyUserLogin" time="13.786" classname="com.edureka.tests.HomePageTests"/>
  <testcase name="verifyEnrolledCourses" time="15.492" classname="com.edureka.tests.HomePageTests"/>
  <testcase name="userLogout" time="11.878" classname="com.edureka.tests.HomePageTests"/>
</testsuite> <!-- com.edureka.tests.HomePageTests -->
